<?xml version="1.0" encoding="UTF-8"?>
<!-- Generated by org.testng.reporters.JUnitXMLReporter -->
<testsuite ignored="0" hostname="LAPTOP-RQMIKUIO" failures="0" tests="3" name="Test1" time="90.304" errors="0" timestamp="2022-07-07T11:46:26 IST">
  <testcase classname="com.crm.erthwood.contactsTest.ContactsTest" name="createAndDeleteContactTest" time="24.829"/>
  <testcase classname="com.crm.erthwood.contactsTest.ContactsTest" name="createContactOrganizationTest" time="20.597"/>
  <testcase classname="com.crm.erthwood.contactsTest.ContactsTest" name="createContactTest" time="17.328"/>
</testsuite> <!-- Test1 -->
