<?xml version="1.0" encoding="UTF-8"?>
<!-- Generated by org.testng.reporters.JUnitXMLReporter -->
<testsuite ignored="2" hostname="LAPTOP-RQMIKUIO" failures="0" tests="3" name="Test2" time="68.819" errors="0" timestamp="2022-07-07T11:47:35 IST">
  <testcase classname="com.crm.erthwood.campaignsTest.CampaignsTest" name="createCampaignTest" time="16.268"/>
  <testcase classname="com.cmr.erthwood.organizationsTest.OrganizationsTest" name="creteOrgnition" time="17.261"/>
  <testcase classname="com.crm.erthwood.campaignsTest.CampaignsTest" name="createProductsCampaignTest" time="31.798"/>
  <testcase classname="com.crm.earthwood.genericUtility.BaseClass" name="@AfterSuite closeDB" time="0.0">
    <ignored/>
  </testcase> <!-- @AfterSuite closeDB -->
  <testcase classname="com.crm.earthwood.genericUtility.BaseClass" name="@BeforeSuite connectToDB" time="0.0">
    <ignored/>
  </testcase> <!-- @BeforeSuite connectToDB -->
</testsuite> <!-- Test2 -->
