<?xml version="1.0" encoding="UTF-8"?>
<!-- Generated by org.testng.reporters.JUnitXMLReporter -->
<testsuite ignored="0" hostname="LAPTOP-RQMIKUIO" failures="0" tests="5" name="Default test" time="1.398" errors="0" timestamp="2022-07-17T20:50:35 IST">
  <testcase classname="prctice.DataProviderExcelTest" name="bookTicket" time="0.007"/>
  <testcase classname="prctice.DataProviderExcelTest" name="bookTicket" time="0.001"/>
  <testcase classname="prctice.DataProviderExcelTest" name="bookTicket" time="0.001"/>
  <testcase classname="prctice.DataProviderExcelTest" name="bookTicket" time="0.001"/>
  <testcase classname="prctice.DataProviderExcelTest" name="bookTicket" time="0.001"/>
</testsuite> <!-- Default test -->
