<?xml version="1.0" encoding="UTF-8"?>
<!-- Generated by org.testng.reporters.JUnitXMLReporter -->
<testsuite ignored="3" hostname="LAPTOP-RQMIKUIO" failures="0" tests="2" name="Test(failed)(failed)" time="28.86" errors="0" timestamp="2022-07-08T16:46:27 IST">
  <testcase classname="com.crm.erthwood.campaignsTest.CampaignsTest" name="createCampaignTest" time="6.873"/>
  <testcase classname="com.cmr.erthwood.organizationsTest.OrganizationsTest" name="creteOrgnition" time="6.949"/>
  <testcase classname="com.crm.earthwood.genericUtility.BaseClass" name="@AfterSuite closeDB" time="0.0">
    <ignored/>
  </testcase> <!-- @AfterSuite closeDB -->
  <testcase classname="com.crm.earthwood.genericUtility.BaseClass" name="@BeforeSuite connectToDB" time="0.0">
    <ignored/>
  </testcase> <!-- @BeforeSuite connectToDB -->
  <testcase classname="com.crm.erthwood.campaignsTest.CampaignsTest" name="createProductsCampaignTest" time="0.0">
    <ignored/>
  </testcase> <!-- createProductsCampaignTest -->
</testsuite> <!-- Test(failed)(failed) -->
