<?xml version="1.0" encoding="UTF-8"?>
<!-- Generated by org.testng.reporters.JUnitXMLReporter -->
<testsuite ignored="0" hostname="LAPTOP-RQMIKUIO" failures="1" tests="1" name="Default test(failed)" time="16.051" errors="0" timestamp="2022-07-08T16:40:26 IST">
  <testcase classname="com.cmr.erthwood.organizationsTest.OrganizationsTest" name="creteOrgnition" time="7.831">
    <failure type="java.lang.AssertionError" message="expected [more mega store9088] but found [[ ACC59 ] more mega store9088 - Organization Information]">
      <![CDATA[java.lang.AssertionError: expected [more mega store9088] but found [[ ACC59 ] more mega store9088 - Organization Information]
at com.cmr.erthwood.organizationsTest.OrganizationsTest.creteOrgnition(OrganizationsTest.java:33)
at java.base/java.util.ArrayList.forEach(ArrayList.java:1511)
... Removed 33 stack frames]]>
    </failure>
  </testcase> <!-- creteOrgnition -->
</testsuite> <!-- Default test(failed) -->
