<?xml version="1.0" encoding="UTF-8"?>
<!-- Generated by org.testng.reporters.JUnitXMLReporter -->
<testsuite ignored="7" hostname="LAPTOP-RQMIKUIO" failures="0" tests="1" name="Test" time="60.337" errors="0" timestamp="2022-07-14T15:07:23 IST">
  <testcase classname="com.crm.erthwood.contactsTest.ContactsTest" name="createContactTest" time="17.045"/>
  <testcase classname="com.crm.earthwood.genericUtility.BaseClass" name="@AfterSuite closeDB" time="0.0">
    <ignored/>
  </testcase> <!-- @AfterSuite closeDB -->
  <testcase classname="com.crm.earthwood.genericUtility.BaseClass" name="@AfterSuite closeDB" time="0.0">
    <ignored/>
  </testcase> <!-- @AfterSuite closeDB -->
  <testcase classname="com.crm.erthwood.contactsTest.ContactsTest" name="createAndDeleteContactTest" time="0.0">
    <ignored/>
  </testcase> <!-- createAndDeleteContactTest -->
  <testcase classname="com.crm.earthwood.genericUtility.BaseClass" name="@BeforeSuite connectToDB" time="0.0">
    <ignored/>
  </testcase> <!-- @BeforeSuite connectToDB -->
  <testcase classname="com.crm.earthwood.genericUtility.BaseClass" name="@BeforeSuite connectToDB" time="0.0">
    <ignored/>
  </testcase> <!-- @BeforeSuite connectToDB -->
  <testcase classname="com.crm.erthwood.campaignsTest.CampaignsTest" name="createCampaignTest" time="0.0">
    <ignored/>
  </testcase> <!-- createCampaignTest -->
  <testcase classname="com.crm.erthwood.contactsTest.ContactsTest" name="createContactOrganizationTest" time="0.0">
    <ignored/>
  </testcase> <!-- createContactOrganizationTest -->
</testsuite> <!-- Test -->
