<?xml version="1.0" encoding="UTF-8"?>
<!-- Generated by org.testng.reporters.JUnitXMLReporter -->
<testsuite ignored="2" hostname="LAPTOP-RQMIKUIO" failures="0" tests="3" name="Test2" time="52.036" errors="0" timestamp="2022-07-07T11:14:15 IST">
  <testcase classname="com.crm.earthwood.genericUtility.BaseClass" name="@BeforeClass launchCrssBrowser" time="8.91">
    <failure type="java.lang.NullPointerException" message="Cannot invoke &amp;quot;com.crm.earthwood.genericUtility.WebDriverUtility.launchBrowser(String)&amp;quot; because &amp;quot;this.wLib&amp;quot; is null">
      <![CDATA[java.lang.NullPointerException: Cannot invoke "com.crm.earthwood.genericUtility.WebDriverUtility.launchBrowser(String)" because "this.wLib" is null
at com.crm.earthwood.genericUtility.BaseClass.launchCrssBrowser(BaseClass.java:61)
at java.base/java.util.ArrayList.forEach(ArrayList.java:1511)
at java.base/java.util.concurrent.FutureTask.run(FutureTask.java:264)
at java.base/java.util.concurrent.ThreadPoolExecutor.runWorker(ThreadPoolExecutor.java:1136)
at java.base/java.util.concurrent.ThreadPoolExecutor$Worker.run(ThreadPoolExecutor.java:635)
at java.base/java.lang.Thread.run(Thread.java:833)
... Removed 16 stack frames]]>
    </failure>
  </testcase> <!-- @BeforeClass launchCrssBrowser -->
  <testcase classname="com.crm.earthwood.genericUtility.BaseClass" name="@BeforeClass launchCrssBrowser" time="7.768">
    <failure type="java.lang.NullPointerException" message="Cannot invoke &amp;quot;com.crm.earthwood.genericUtility.WebDriverUtility.launchBrowser(String)&amp;quot; because &amp;quot;this.wLib&amp;quot; is null">
      <![CDATA[java.lang.NullPointerException: Cannot invoke "com.crm.earthwood.genericUtility.WebDriverUtility.launchBrowser(String)" because "this.wLib" is null
at com.crm.earthwood.genericUtility.BaseClass.launchCrssBrowser(BaseClass.java:61)
at java.base/java.util.ArrayList.forEach(ArrayList.java:1511)
at java.base/java.util.concurrent.FutureTask.run(FutureTask.java:264)
at java.base/java.util.concurrent.ThreadPoolExecutor.runWorker(ThreadPoolExecutor.java:1136)
at java.base/java.util.concurrent.ThreadPoolExecutor$Worker.run(ThreadPoolExecutor.java:635)
at java.base/java.lang.Thread.run(Thread.java:833)
... Removed 16 stack frames]]>
    </failure>
  </testcase> <!-- @BeforeClass launchCrssBrowser -->
  <testcase classname="com.crm.erthwood.campaignsTest.CampaignsTest" name="createCampaignTest" time="0.0">
    <skipped/>
  </testcase> <!-- createCampaignTest -->
  <testcase classname="com.crm.erthwood.campaignsTest.CampaignsTest" name="createProductsCampaignTest" time="0.0">
    <skipped/>
  </testcase> <!-- createProductsCampaignTest -->
  <testcase classname="com.cmr.erthwood.organizationsTest.OrganizationsTest" name="creteOrgnition" time="0.0">
    <skipped/>
  </testcase> <!-- creteOrgnition -->
  <testcase classname="com.crm.earthwood.genericUtility.BaseClass" name="@AfterSuite closeDB" time="0.0">
    <ignored/>
  </testcase> <!-- @AfterSuite closeDB -->
  <testcase classname="com.crm.earthwood.genericUtility.BaseClass" name="@BeforeSuite connectToDB" time="0.0">
    <ignored/>
  </testcase> <!-- @BeforeSuite connectToDB -->
</testsuite> <!-- Test2 -->
