<?xml version="1.0" encoding="UTF-8"?>
<!-- Generated by org.testng.reporters.JUnitXMLReporter -->
<testsuite ignored="0" hostname="LAPTOP-RQMIKUIO" failures="0" tests="3" name="Test1" time="43.108" errors="0" timestamp="2022-07-07T11:14:06 IST">
  <testcase classname="com.crm.earthwood.genericUtility.BaseClass" name="@BeforeClass launchCrssBrowser" time="2.037">
    <failure type="java.lang.NullPointerException" message="Cannot invoke &amp;quot;com.crm.earthwood.genericUtility.WebDriverUtility.launchBrowser(String)&amp;quot; because &amp;quot;this.wLib&amp;quot; is null">
      <![CDATA[java.lang.NullPointerException: Cannot invoke "com.crm.earthwood.genericUtility.WebDriverUtility.launchBrowser(String)" because "this.wLib" is null
at com.crm.earthwood.genericUtility.BaseClass.launchCrssBrowser(BaseClass.java:61)
at java.base/java.util.ArrayList.forEach(ArrayList.java:1511)
at java.base/java.util.concurrent.FutureTask.run(FutureTask.java:264)
at java.base/java.util.concurrent.ThreadPoolExecutor.runWorker(ThreadPoolExecutor.java:1136)
at java.base/java.util.concurrent.ThreadPoolExecutor$Worker.run(ThreadPoolExecutor.java:635)
at java.base/java.lang.Thread.run(Thread.java:833)
... Removed 16 stack frames]]>
    </failure>
  </testcase> <!-- @BeforeClass launchCrssBrowser -->
  <testcase classname="com.crm.earthwood.genericUtility.BaseClass" name="@BeforeClass launchCrssBrowser" time="8.91">
    <failure type="java.lang.NullPointerException" message="Cannot invoke &amp;quot;com.crm.earthwood.genericUtility.WebDriverUtility.launchBrowser(String)&amp;quot; because &amp;quot;this.wLib&amp;quot; is null">
      <![CDATA[java.lang.NullPointerException: Cannot invoke "com.crm.earthwood.genericUtility.WebDriverUtility.launchBrowser(String)" because "this.wLib" is null
at com.crm.earthwood.genericUtility.BaseClass.launchCrssBrowser(BaseClass.java:61)
at java.base/java.util.ArrayList.forEach(ArrayList.java:1511)
at java.base/java.util.concurrent.FutureTask.run(FutureTask.java:264)
at java.base/java.util.concurrent.ThreadPoolExecutor.runWorker(ThreadPoolExecutor.java:1136)
at java.base/java.util.concurrent.ThreadPoolExecutor$Worker.run(ThreadPoolExecutor.java:635)
at java.base/java.lang.Thread.run(Thread.java:833)
... Removed 16 stack frames]]>
    </failure>
  </testcase> <!-- @BeforeClass launchCrssBrowser -->
  <testcase classname="com.crm.earthwood.genericUtility.BaseClass" name="@BeforeClass launchCrssBrowser" time="7.768">
    <failure type="java.lang.NullPointerException" message="Cannot invoke &amp;quot;com.crm.earthwood.genericUtility.WebDriverUtility.launchBrowser(String)&amp;quot; because &amp;quot;this.wLib&amp;quot; is null">
      <![CDATA[java.lang.NullPointerException: Cannot invoke "com.crm.earthwood.genericUtility.WebDriverUtility.launchBrowser(String)" because "this.wLib" is null
at com.crm.earthwood.genericUtility.BaseClass.launchCrssBrowser(BaseClass.java:61)
at java.base/java.util.ArrayList.forEach(ArrayList.java:1511)
at java.base/java.util.concurrent.FutureTask.run(FutureTask.java:264)
at java.base/java.util.concurrent.ThreadPoolExecutor.runWorker(ThreadPoolExecutor.java:1136)
at java.base/java.util.concurrent.ThreadPoolExecutor$Worker.run(ThreadPoolExecutor.java:635)
at java.base/java.lang.Thread.run(Thread.java:833)
... Removed 16 stack frames]]>
    </failure>
  </testcase> <!-- @BeforeClass launchCrssBrowser -->
  <testcase classname="com.crm.erthwood.contactsTest.ContactsTest" name="createAndDeleteContactTest" time="0.0">
    <skipped/>
  </testcase> <!-- createAndDeleteContactTest -->
  <testcase classname="com.crm.erthwood.contactsTest.ContactsTest" name="createContactOrganizationTest" time="0.0">
    <skipped/>
  </testcase> <!-- createContactOrganizationTest -->
  <testcase classname="com.crm.erthwood.contactsTest.ContactsTest" name="createContactTest" time="0.0">
    <skipped/>
  </testcase> <!-- createContactTest -->
</testsuite> <!-- Test1 -->
