<?xml version="1.0" encoding="UTF-8"?>
<testng-results ignored="0" total="5" passed="5" failed="0" skipped="0">
  <reporter-output>
  </reporter-output>
  <suite started-at="2022-07-17T20:50:34 IST" name="Default suite" finished-at="2022-07-17T20:50:35 IST" duration-ms="1398">
    <groups>
    </groups>
    <test started-at="2022-07-17T20:50:34 IST" name="Default test" finished-at="2022-07-17T20:50:35 IST" duration-ms="1398">
      <class name="prctice.DataProviderExcelTest">
        <test-method signature="bookTicket(java.lang.String,java.lang.String)[pri:0, instance:prctice.DataProviderExcelTest@2b91004a]" started-at="2022-07-17T20:50:35 IST" name="bookTicket" data-provider="dataSupplier" finished-at="2022-07-17T20:50:35 IST" duration-ms="7" status="PASS">
          <params>
            <param index="0">
              <value>
                <![CDATA[BNG]]>
              </value>
            </param>
            <param index="1">
              <value>
                <![CDATA[HSN]]>
              </value>
            </param>
          </params>
          <reporter-output>
          </reporter-output>
        </test-method> <!-- bookTicket -->
        <test-method signature="bookTicket(java.lang.String,java.lang.String)[pri:0, instance:prctice.DataProviderExcelTest@2b91004a]" started-at="2022-07-17T20:50:35 IST" name="bookTicket" data-provider="dataSupplier" finished-at="2022-07-17T20:50:35 IST" duration-ms="1" status="PASS">
          <params>
            <param index="0">
              <value>
                <![CDATA[HSN]]>
              </value>
            </param>
            <param index="1">
              <value>
                <![CDATA[BNG]]>
              </value>
            </param>
          </params>
          <reporter-output>
          </reporter-output>
        </test-method> <!-- bookTicket -->
        <test-method signature="bookTicket(java.lang.String,java.lang.String)[pri:0, instance:prctice.DataProviderExcelTest@2b91004a]" started-at="2022-07-17T20:50:35 IST" name="bookTicket" data-provider="dataSupplier" finished-at="2022-07-17T20:50:35 IST" duration-ms="1" status="PASS">
          <params>
            <param index="0">
              <value>
                <![CDATA[BNG]]>
              </value>
            </param>
            <param index="1">
              <value>
                <![CDATA[CKM]]>
              </value>
            </param>
          </params>
          <reporter-output>
          </reporter-output>
        </test-method> <!-- bookTicket -->
        <test-method signature="bookTicket(java.lang.String,java.lang.String)[pri:0, instance:prctice.DataProviderExcelTest@2b91004a]" started-at="2022-07-17T20:50:35 IST" name="bookTicket" data-provider="dataSupplier" finished-at="2022-07-17T20:50:35 IST" duration-ms="1" status="PASS">
          <params>
            <param index="0">
              <value>
                <![CDATA[CKM]]>
              </value>
            </param>
            <param index="1">
              <value>
                <![CDATA[BNG]]>
              </value>
            </param>
          </params>
          <reporter-output>
          </reporter-output>
        </test-method> <!-- bookTicket -->
        <test-method signature="bookTicket(java.lang.String,java.lang.String)[pri:0, instance:prctice.DataProviderExcelTest@2b91004a]" started-at="2022-07-17T20:50:35 IST" name="bookTicket" data-provider="dataSupplier" finished-at="2022-07-17T20:50:35 IST" duration-ms="1" status="PASS">
          <params>
            <param index="0">
              <value>
                <![CDATA[HSN]]>
              </value>
            </param>
            <param index="1">
              <value>
                <![CDATA[CKM]]>
              </value>
            </param>
          </params>
          <reporter-output>
          </reporter-output>
        </test-method> <!-- bookTicket -->
      </class> <!-- prctice.DataProviderExcelTest -->
    </test> <!-- Default test -->
  </suite> <!-- Default suite -->
</testng-results>
